<?xml version="1.0" encoding="UTF-8"?>
<!-- Generated by org.testng.reporters.JUnitReportReporter -->
<testsuite hostname="HW0817" name="experiment.Facebook" tests="1" failures="0" timestamp="2 Sep 2015 12:03:44 GMT" time="10.134" errors="0">
  <testcase name="testFacebook" time="10.134" classname="experiment.Facebook"/>
</testsuite> <!-- experiment.Facebook -->
